19:03:48.495 [main] INFO  testCases.TC001_AccountRegistration - ***Starting TC001_AccountRegistration***
19:03:48.563 [main] INFO  testCases.TC001_AccountRegistration - ***Clicked on MyAccount...
19:03:48.655 [main] INFO  testCases.TC001_AccountRegistration - ***Clicked on Register...
19:03:49.166 [main] INFO  testCases.TC001_AccountRegistration - ***Entering Customer Details...
19:03:50.673 [main] INFO  testCases.TC001_AccountRegistration - ***Validating Confirmation message..
19:03:50.707 [main] ERROR testCases.TC001_AccountRegistration - Test Failed
19:03:50.707 [main] DEBUG testCases.TC001_AccountRegistration - debug logs
19:03:50.707 [main] INFO  testCases.TC001_AccountRegistration - *** Completed TC001_AccountRegistration ***
19:08:52.186 [main] INFO  testCases.TC001_AccountRegistration - ***Starting TC001_AccountRegistration***
19:08:52.264 [main] INFO  testCases.TC001_AccountRegistration - ***Clicked on MyAccount...
19:08:52.385 [main] INFO  testCases.TC001_AccountRegistration - ***Clicked on Register...
19:08:53.315 [main] INFO  testCases.TC001_AccountRegistration - ***Entering Customer Details...
19:08:54.795 [main] INFO  testCases.TC001_AccountRegistration - ***Validating Confirmation message..
19:08:54.831 [main] INFO  testCases.TC001_AccountRegistration - ***Account has been created***
19:08:54.832 [main] INFO  testCases.TC001_AccountRegistration - *** Completed TC001_AccountRegistration ***
20:24:42.891 [main] INFO  testCases.TC001_AccountRegistration - ***Starting TC001_AccountRegistration***
20:24:42.998 [main] INFO  testCases.TC001_AccountRegistration - ***Clicked on MyAccount...
20:24:43.215 [main] INFO  testCases.TC001_AccountRegistration - ***Clicked on Register...
20:24:43.950 [main] INFO  testCases.TC001_AccountRegistration - ***Entering Customer Details...
20:24:46.404 [main] INFO  testCases.TC001_AccountRegistration - ***Validating Confirmation message..
20:24:46.454 [main] INFO  testCases.TC001_AccountRegistration - ***Account has been created***
20:24:46.462 [main] INFO  testCases.TC001_AccountRegistration - *** Completed TC001_AccountRegistration ***
20:25:22.857 [main] INFO  testCases.TC001_AccountRegistration - ***Starting TC001_AccountRegistration***
20:25:22.967 [main] INFO  testCases.TC001_AccountRegistration - ***Clicked on MyAccount...
20:25:23.140 [main] INFO  testCases.TC001_AccountRegistration - ***Clicked on Register...
20:25:23.818 [main] INFO  testCases.TC001_AccountRegistration - ***Entering Customer Details...
20:25:26.417 [main] INFO  testCases.TC001_AccountRegistration - ***Validating Confirmation message..
20:25:26.467 [main] INFO  testCases.TC001_AccountRegistration - ***Account has been created***
20:25:26.467 [main] INFO  testCases.TC001_AccountRegistration - *** Completed TC001_AccountRegistration ***
20:26:35.791 [main] INFO  testCases.TC001_AccountRegistration - ***Starting TC001_AccountRegistration***
20:26:35.930 [main] INFO  testCases.TC001_AccountRegistration - ***Clicked on MyAccount...
20:26:36.067 [main] INFO  testCases.TC001_AccountRegistration - ***Clicked on Register...
20:26:36.946 [main] INFO  testCases.TC001_AccountRegistration - ***Entering Customer Details...
20:26:39.138 [main] INFO  testCases.TC001_AccountRegistration - ***Validating Confirmation message..
20:26:39.186 [main] INFO  testCases.TC001_AccountRegistration - ***Account has been created***
20:26:39.186 [main] INFO  testCases.TC001_AccountRegistration - *** Completed TC001_AccountRegistration ***
20:27:59.690 [main] INFO  testCases.TC001_AccountRegistration - ***Starting TC001_AccountRegistration***
20:27:59.802 [main] INFO  testCases.TC001_AccountRegistration - ***Clicked on MyAccount...
20:27:59.957 [main] INFO  testCases.TC001_AccountRegistration - ***Clicked on Register...
20:28:01.335 [main] INFO  testCases.TC001_AccountRegistration - ***Entering Customer Details...
20:28:03.388 [main] INFO  testCases.TC001_AccountRegistration - ***Validating Confirmation message..
20:28:03.438 [main] INFO  testCases.TC001_AccountRegistration - ***Account has been created***
20:28:03.438 [main] INFO  testCases.TC001_AccountRegistration - *** Completed TC001_AccountRegistration ***
20:31:08.474 [main] INFO  testCases.TC001_AccountRegistration - ***Starting TC001_AccountRegistration***
20:31:08.602 [main] INFO  testCases.TC001_AccountRegistration - ***Clicked on MyAccount...
20:31:08.763 [main] INFO  testCases.TC001_AccountRegistration - ***Clicked on Register...
20:31:09.591 [main] INFO  testCases.TC001_AccountRegistration - ***Entering Customer Details...
20:31:10.847 [main] INFO  testCases.TC001_AccountRegistration - ***Validating Confirmation message..
20:31:11.891 [main] INFO  testCases.TC001_AccountRegistration - ***Account has been created***
20:31:11.891 [main] INFO  testCases.TC001_AccountRegistration - *** Completed TC001_AccountRegistration ***
20:31:18.743 [main] INFO  testCases.TC001_AccountRegistration - ***Starting TC001_AccountRegistration***
20:31:18.743 [main] INFO  testCases.TC001_AccountRegistration - ***Clicked on MyAccount...
20:31:18.887 [main] INFO  testCases.TC001_AccountRegistration - ***Clicked on Register...
20:31:20.032 [main] INFO  testCases.TC001_AccountRegistration - ***Entering Customer Details...
20:31:21.230 [main] INFO  testCases.TC001_AccountRegistration - ***Validating Confirmation message..
20:31:22.185 [main] INFO  testCases.TC001_AccountRegistration - ***Account has been created***
20:31:22.185 [main] INFO  testCases.TC001_AccountRegistration - *** Completed TC001_AccountRegistration ***
20:32:21.501 [TestNG-tests-2] INFO  testCases.TC001_AccountRegistration - ***Starting TC001_AccountRegistration***
20:32:21.661 [TestNG-tests-2] INFO  testCases.TC001_AccountRegistration - ***Clicked on MyAccount...
20:32:21.737 [TestNG-tests-1] INFO  testCases.TC001_AccountRegistration - ***Starting TC001_AccountRegistration***
20:32:21.738 [TestNG-tests-1] INFO  testCases.TC001_AccountRegistration - ***Clicked on MyAccount...
20:32:21.954 [TestNG-tests-1] INFO  testCases.TC001_AccountRegistration - ***Clicked on Register...
20:32:21.978 [TestNG-tests-2] INFO  testCases.TC001_AccountRegistration - ***Clicked on Register...
20:32:22.781 [TestNG-tests-2] INFO  testCases.TC001_AccountRegistration - ***Entering Customer Details...
20:32:23.020 [TestNG-tests-1] INFO  testCases.TC001_AccountRegistration - ***Entering Customer Details...
20:32:25.355 [TestNG-tests-2] INFO  testCases.TC001_AccountRegistration - ***Validating Confirmation message..
20:32:25.415 [TestNG-tests-2] INFO  testCases.TC001_AccountRegistration - ***Account has been created***
20:32:25.415 [TestNG-tests-2] INFO  testCases.TC001_AccountRegistration - *** Completed TC001_AccountRegistration ***
20:32:41.003 [TestNG-tests-1] INFO  testCases.TC001_AccountRegistration - ***Validating Confirmation message..
20:32:45.630 [TestNG-tests-1] ERROR testCases.TC001_AccountRegistration - Test Failed
20:32:45.630 [TestNG-tests-1] DEBUG testCases.TC001_AccountRegistration - debug logs
20:33:04.911 [TestNG-tests-1] INFO  testCases.TC001_AccountRegistration - ***Starting TC001_AccountRegistration***
20:33:04.910 [TestNG-tests-2] INFO  testCases.TC001_AccountRegistration - ***Starting TC001_AccountRegistration***
20:33:05.075 [TestNG-tests-2] INFO  testCases.TC001_AccountRegistration - ***Clicked on MyAccount...
20:33:05.075 [TestNG-tests-1] INFO  testCases.TC001_AccountRegistration - ***Clicked on MyAccount...
20:33:05.231 [TestNG-tests-2] INFO  testCases.TC001_AccountRegistration - ***Clicked on Register...
20:33:05.291 [TestNG-tests-1] INFO  testCases.TC001_AccountRegistration - ***Clicked on Register...
20:33:06.050 [TestNG-tests-2] INFO  testCases.TC001_AccountRegistration - ***Entering Customer Details...
20:33:06.074 [TestNG-tests-1] INFO  testCases.TC001_AccountRegistration - ***Entering Customer Details...
20:33:08.613 [TestNG-tests-2] INFO  testCases.TC001_AccountRegistration - ***Validating Confirmation message..
20:33:08.621 [TestNG-tests-1] INFO  testCases.TC001_AccountRegistration - ***Validating Confirmation message..
20:33:08.658 [TestNG-tests-2] INFO  testCases.TC001_AccountRegistration - ***Account has been created***
20:33:08.658 [TestNG-tests-2] INFO  testCases.TC001_AccountRegistration - *** Completed TC001_AccountRegistration ***
20:33:08.719 [TestNG-tests-1] INFO  testCases.TC001_AccountRegistration - ***Account has been created***
20:33:08.719 [TestNG-tests-1] INFO  testCases.TC001_AccountRegistration - *** Completed TC001_AccountRegistration ***
20:37:01.272 [main] INFO  testCases.TC001_AccountRegistration - ***Starting TC001_AccountRegistration***
20:37:01.409 [main] INFO  testCases.TC001_AccountRegistration - ***Clicked on MyAccount...
20:37:01.600 [main] INFO  testCases.TC001_AccountRegistration - ***Clicked on Register...
20:37:02.503 [main] INFO  testCases.TC001_AccountRegistration - ***Entering Customer Details...
20:37:04.679 [main] INFO  testCases.TC001_AccountRegistration - ***Validating Confirmation message..
20:37:04.730 [main] INFO  testCases.TC001_AccountRegistration - ***Account has been created***
20:37:04.730 [main] INFO  testCases.TC001_AccountRegistration - *** Completed TC001_AccountRegistration ***
19:15:12.840 [main] INFO  testCases.TC002_LoginTest - ****Starting TC002_LoginTest*****
19:15:15.263 [main] INFO  testCases.TC002_LoginTest - ****Completed TC002_LoginTest*****
19:15:32.871 [main] INFO  testCases.TC002_LoginTest - ****Starting TC002_LoginTest*****
19:15:34.805 [main] INFO  testCases.TC002_LoginTest - ****Completed TC002_LoginTest*****
19:28:14.003 [main] INFO  testCases.TC002_LoginTest - ****Starting TC002_LoginTest*****
19:30:54.044 [main] DEBUG org.apache.poi.openxml4j.opc.PackageRelationshipCollection - Parsing relationship: /xl/_rels/workbook.xml.rels
19:30:54.050 [main] DEBUG org.apache.poi.openxml4j.opc.PackageRelationshipCollection - Parsing relationship: /xl/worksheets/_rels/sheet1.xml.rels
19:30:54.050 [main] DEBUG org.apache.poi.openxml4j.opc.PackageRelationshipCollection - Parsing relationship: /_rels/.rels
19:30:54.995 [main] DEBUG org.apache.poi.openxml4j.opc.PackageRelationshipCollection - Parsing relationship: /xl/_rels/workbook.xml.rels
19:30:54.997 [main] DEBUG org.apache.poi.openxml4j.opc.PackageRelationshipCollection - Parsing relationship: /xl/worksheets/_rels/sheet1.xml.rels
19:30:55.000 [main] DEBUG org.apache.poi.openxml4j.opc.PackageRelationshipCollection - Parsing relationship: /_rels/.rels
19:30:55.038 [main] DEBUG org.apache.poi.openxml4j.opc.PackageRelationshipCollection - Parsing relationship: /xl/_rels/workbook.xml.rels
19:30:55.038 [main] DEBUG org.apache.poi.openxml4j.opc.PackageRelationshipCollection - Parsing relationship: /xl/worksheets/_rels/sheet1.xml.rels
19:30:55.044 [main] DEBUG org.apache.poi.openxml4j.opc.PackageRelationshipCollection - Parsing relationship: /_rels/.rels
19:30:55.095 [main] DEBUG org.apache.poi.openxml4j.opc.PackageRelationshipCollection - Parsing relationship: /xl/_rels/workbook.xml.rels
19:30:55.095 [main] DEBUG org.apache.poi.openxml4j.opc.PackageRelationshipCollection - Parsing relationship: /xl/worksheets/_rels/sheet1.xml.rels
19:30:55.095 [main] DEBUG org.apache.poi.openxml4j.opc.PackageRelationshipCollection - Parsing relationship: /_rels/.rels
19:30:55.127 [main] DEBUG org.apache.poi.openxml4j.opc.PackageRelationshipCollection - Parsing relationship: /xl/_rels/workbook.xml.rels
19:30:55.127 [main] DEBUG org.apache.poi.openxml4j.opc.PackageRelationshipCollection - Parsing relationship: /xl/worksheets/_rels/sheet1.xml.rels
19:30:55.127 [main] DEBUG org.apache.poi.openxml4j.opc.PackageRelationshipCollection - Parsing relationship: /_rels/.rels
19:30:55.179 [main] DEBUG org.apache.poi.openxml4j.opc.PackageRelationshipCollection - Parsing relationship: /xl/_rels/workbook.xml.rels
19:30:55.182 [main] DEBUG org.apache.poi.openxml4j.opc.PackageRelationshipCollection - Parsing relationship: /xl/worksheets/_rels/sheet1.xml.rels
19:30:55.184 [main] DEBUG org.apache.poi.openxml4j.opc.PackageRelationshipCollection - Parsing relationship: /_rels/.rels
19:30:55.206 [main] DEBUG org.apache.poi.openxml4j.opc.PackageRelationshipCollection - Parsing relationship: /xl/_rels/workbook.xml.rels
19:30:55.206 [main] DEBUG org.apache.poi.openxml4j.opc.PackageRelationshipCollection - Parsing relationship: /xl/worksheets/_rels/sheet1.xml.rels
19:30:55.216 [main] DEBUG org.apache.poi.openxml4j.opc.PackageRelationshipCollection - Parsing relationship: /_rels/.rels
19:30:55.235 [main] DEBUG org.apache.poi.openxml4j.opc.PackageRelationshipCollection - Parsing relationship: /xl/_rels/workbook.xml.rels
19:30:55.235 [main] DEBUG org.apache.poi.openxml4j.opc.PackageRelationshipCollection - Parsing relationship: /xl/worksheets/_rels/sheet1.xml.rels
19:30:55.239 [main] DEBUG org.apache.poi.openxml4j.opc.PackageRelationshipCollection - Parsing relationship: /_rels/.rels
19:30:55.254 [main] DEBUG org.apache.poi.openxml4j.opc.PackageRelationshipCollection - Parsing relationship: /xl/_rels/workbook.xml.rels
19:30:55.254 [main] DEBUG org.apache.poi.openxml4j.opc.PackageRelationshipCollection - Parsing relationship: /xl/worksheets/_rels/sheet1.xml.rels
19:30:55.254 [main] DEBUG org.apache.poi.openxml4j.opc.PackageRelationshipCollection - Parsing relationship: /_rels/.rels
19:30:55.282 [main] DEBUG org.apache.poi.openxml4j.opc.PackageRelationshipCollection - Parsing relationship: /xl/_rels/workbook.xml.rels
19:30:55.282 [main] DEBUG org.apache.poi.openxml4j.opc.PackageRelationshipCollection - Parsing relationship: /xl/worksheets/_rels/sheet1.xml.rels
19:30:55.285 [main] DEBUG org.apache.poi.openxml4j.opc.PackageRelationshipCollection - Parsing relationship: /_rels/.rels
19:30:55.302 [main] DEBUG org.apache.poi.openxml4j.opc.PackageRelationshipCollection - Parsing relationship: /xl/_rels/workbook.xml.rels
19:30:55.302 [main] DEBUG org.apache.poi.openxml4j.opc.PackageRelationshipCollection - Parsing relationship: /xl/worksheets/_rels/sheet1.xml.rels
19:30:55.302 [main] DEBUG org.apache.poi.openxml4j.opc.PackageRelationshipCollection - Parsing relationship: /_rels/.rels
19:30:55.328 [main] DEBUG org.apache.poi.openxml4j.opc.PackageRelationshipCollection - Parsing relationship: /xl/_rels/workbook.xml.rels
19:30:55.330 [main] DEBUG org.apache.poi.openxml4j.opc.PackageRelationshipCollection - Parsing relationship: /xl/worksheets/_rels/sheet1.xml.rels
19:30:55.330 [main] DEBUG org.apache.poi.openxml4j.opc.PackageRelationshipCollection - Parsing relationship: /_rels/.rels
19:30:55.351 [main] DEBUG org.apache.poi.openxml4j.opc.PackageRelationshipCollection - Parsing relationship: /xl/_rels/workbook.xml.rels
19:30:55.351 [main] DEBUG org.apache.poi.openxml4j.opc.PackageRelationshipCollection - Parsing relationship: /xl/worksheets/_rels/sheet1.xml.rels
19:30:55.351 [main] DEBUG org.apache.poi.openxml4j.opc.PackageRelationshipCollection - Parsing relationship: /_rels/.rels
19:30:55.368 [main] DEBUG org.apache.poi.openxml4j.opc.PackageRelationshipCollection - Parsing relationship: /xl/_rels/workbook.xml.rels
19:30:55.368 [main] DEBUG org.apache.poi.openxml4j.opc.PackageRelationshipCollection - Parsing relationship: /xl/worksheets/_rels/sheet1.xml.rels
19:30:55.368 [main] DEBUG org.apache.poi.openxml4j.opc.PackageRelationshipCollection - Parsing relationship: /_rels/.rels
19:30:55.408 [main] INFO  testCases.TC003_LoginDDT - ****Starting TC003_LoginDDT*****
19:30:57.841 [main] INFO  testCases.TC003_LoginDDT - ****Completed TC003_LoginDDT*****
19:30:57.845 [main] INFO  testCases.TC003_LoginDDT - ****Starting TC003_LoginDDT*****
19:31:00.027 [main] INFO  testCases.TC003_LoginDDT - ****Completed TC003_LoginDDT*****
19:31:00.030 [main] INFO  testCases.TC003_LoginDDT - ****Starting TC003_LoginDDT*****
19:31:10.599 [main] INFO  testCases.TC003_LoginDDT - ****Completed TC003_LoginDDT*****
19:31:10.603 [main] INFO  testCases.TC003_LoginDDT - ****Starting TC003_LoginDDT*****
19:31:21.622 [main] INFO  testCases.TC003_LoginDDT - ****Completed TC003_LoginDDT*****
19:33:58.180 [main] DEBUG org.apache.poi.openxml4j.opc.PackageRelationshipCollection - Parsing relationship: /xl/_rels/workbook.xml.rels
19:33:58.182 [main] DEBUG org.apache.poi.openxml4j.opc.PackageRelationshipCollection - Parsing relationship: /xl/worksheets/_rels/sheet1.xml.rels
19:33:58.182 [main] DEBUG org.apache.poi.openxml4j.opc.PackageRelationshipCollection - Parsing relationship: /_rels/.rels
19:33:59.035 [main] DEBUG org.apache.poi.openxml4j.opc.PackageRelationshipCollection - Parsing relationship: /xl/_rels/workbook.xml.rels
19:33:59.035 [main] DEBUG org.apache.poi.openxml4j.opc.PackageRelationshipCollection - Parsing relationship: /xl/worksheets/_rels/sheet1.xml.rels
19:33:59.035 [main] DEBUG org.apache.poi.openxml4j.opc.PackageRelationshipCollection - Parsing relationship: /_rels/.rels
19:33:59.077 [main] DEBUG org.apache.poi.openxml4j.opc.PackageRelationshipCollection - Parsing relationship: /xl/_rels/workbook.xml.rels
19:33:59.077 [main] DEBUG org.apache.poi.openxml4j.opc.PackageRelationshipCollection - Parsing relationship: /xl/worksheets/_rels/sheet1.xml.rels
19:33:59.077 [main] DEBUG org.apache.poi.openxml4j.opc.PackageRelationshipCollection - Parsing relationship: /_rels/.rels
19:33:59.119 [main] DEBUG org.apache.poi.openxml4j.opc.PackageRelationshipCollection - Parsing relationship: /xl/_rels/workbook.xml.rels
19:33:59.120 [main] DEBUG org.apache.poi.openxml4j.opc.PackageRelationshipCollection - Parsing relationship: /xl/worksheets/_rels/sheet1.xml.rels
19:33:59.120 [main] DEBUG org.apache.poi.openxml4j.opc.PackageRelationshipCollection - Parsing relationship: /_rels/.rels
19:33:59.146 [main] DEBUG org.apache.poi.openxml4j.opc.PackageRelationshipCollection - Parsing relationship: /xl/_rels/workbook.xml.rels
19:33:59.146 [main] DEBUG org.apache.poi.openxml4j.opc.PackageRelationshipCollection - Parsing relationship: /xl/worksheets/_rels/sheet1.xml.rels
19:33:59.152 [main] DEBUG org.apache.poi.openxml4j.opc.PackageRelationshipCollection - Parsing relationship: /_rels/.rels
19:33:59.177 [main] DEBUG org.apache.poi.openxml4j.opc.PackageRelationshipCollection - Parsing relationship: /xl/_rels/workbook.xml.rels
19:33:59.183 [main] DEBUG org.apache.poi.openxml4j.opc.PackageRelationshipCollection - Parsing relationship: /xl/worksheets/_rels/sheet1.xml.rels
19:33:59.183 [main] DEBUG org.apache.poi.openxml4j.opc.PackageRelationshipCollection - Parsing relationship: /_rels/.rels
19:33:59.199 [main] DEBUG org.apache.poi.openxml4j.opc.PackageRelationshipCollection - Parsing relationship: /xl/_rels/workbook.xml.rels
19:33:59.212 [main] DEBUG org.apache.poi.openxml4j.opc.PackageRelationshipCollection - Parsing relationship: /xl/worksheets/_rels/sheet1.xml.rels
19:33:59.212 [main] DEBUG org.apache.poi.openxml4j.opc.PackageRelationshipCollection - Parsing relationship: /_rels/.rels
19:33:59.231 [main] DEBUG org.apache.poi.openxml4j.opc.PackageRelationshipCollection - Parsing relationship: /xl/_rels/workbook.xml.rels
19:33:59.242 [main] DEBUG org.apache.poi.openxml4j.opc.PackageRelationshipCollection - Parsing relationship: /xl/worksheets/_rels/sheet1.xml.rels
19:33:59.244 [main] DEBUG org.apache.poi.openxml4j.opc.PackageRelationshipCollection - Parsing relationship: /_rels/.rels
19:33:59.282 [main] DEBUG org.apache.poi.openxml4j.opc.PackageRelationshipCollection - Parsing relationship: /xl/_rels/workbook.xml.rels
19:33:59.283 [main] DEBUG org.apache.poi.openxml4j.opc.PackageRelationshipCollection - Parsing relationship: /xl/worksheets/_rels/sheet1.xml.rels
19:33:59.288 [main] DEBUG org.apache.poi.openxml4j.opc.PackageRelationshipCollection - Parsing relationship: /_rels/.rels
19:33:59.315 [main] DEBUG org.apache.poi.openxml4j.opc.PackageRelationshipCollection - Parsing relationship: /xl/_rels/workbook.xml.rels
19:33:59.317 [main] DEBUG org.apache.poi.openxml4j.opc.PackageRelationshipCollection - Parsing relationship: /xl/worksheets/_rels/sheet1.xml.rels
19:33:59.317 [main] DEBUG org.apache.poi.openxml4j.opc.PackageRelationshipCollection - Parsing relationship: /_rels/.rels
19:33:59.330 [main] DEBUG org.apache.poi.openxml4j.opc.PackageRelationshipCollection - Parsing relationship: /xl/_rels/workbook.xml.rels
19:33:59.330 [main] DEBUG org.apache.poi.openxml4j.opc.PackageRelationshipCollection - Parsing relationship: /xl/worksheets/_rels/sheet1.xml.rels
19:33:59.330 [main] DEBUG org.apache.poi.openxml4j.opc.PackageRelationshipCollection - Parsing relationship: /_rels/.rels
19:33:59.358 [main] DEBUG org.apache.poi.openxml4j.opc.PackageRelationshipCollection - Parsing relationship: /xl/_rels/workbook.xml.rels
19:33:59.358 [main] DEBUG org.apache.poi.openxml4j.opc.PackageRelationshipCollection - Parsing relationship: /xl/worksheets/_rels/sheet1.xml.rels
19:33:59.358 [main] DEBUG org.apache.poi.openxml4j.opc.PackageRelationshipCollection - Parsing relationship: /_rels/.rels
19:33:59.382 [main] DEBUG org.apache.poi.openxml4j.opc.PackageRelationshipCollection - Parsing relationship: /xl/_rels/workbook.xml.rels
19:33:59.382 [main] DEBUG org.apache.poi.openxml4j.opc.PackageRelationshipCollection - Parsing relationship: /xl/worksheets/_rels/sheet1.xml.rels
19:33:59.382 [main] DEBUG org.apache.poi.openxml4j.opc.PackageRelationshipCollection - Parsing relationship: /_rels/.rels
19:33:59.406 [main] DEBUG org.apache.poi.openxml4j.opc.PackageRelationshipCollection - Parsing relationship: /xl/_rels/workbook.xml.rels
19:33:59.408 [main] DEBUG org.apache.poi.openxml4j.opc.PackageRelationshipCollection - Parsing relationship: /xl/worksheets/_rels/sheet1.xml.rels
19:33:59.409 [main] DEBUG org.apache.poi.openxml4j.opc.PackageRelationshipCollection - Parsing relationship: /_rels/.rels
19:33:59.446 [main] INFO  testCases.TC003_LoginDDT - ****Starting TC003_LoginDDT*****
19:34:01.761 [main] INFO  testCases.TC003_LoginDDT - ****Completed TC003_LoginDDT*****
19:34:01.766 [main] INFO  testCases.TC003_LoginDDT - ****Starting TC003_LoginDDT*****
19:34:12.560 [main] INFO  testCases.TC003_LoginDDT - ****Starting TC003_LoginDDT*****
19:34:14.276 [main] INFO  testCases.TC003_LoginDDT - ****Starting TC003_LoginDDT*****
19:34:24.875 [main] INFO  testCases.TC003_LoginDDT - ****Completed TC003_LoginDDT*****
11:57:10.030 [main] INFO  testCases.TC001_AccountRegistration - ***Starting TC001_AccountRegistration***
11:57:10.131 [main] INFO  testCases.TC001_AccountRegistration - ***Clicked on MyAccount...
11:57:10.328 [main] INFO  testCases.TC001_AccountRegistration - ***Clicked on Register...
11:57:11.152 [main] INFO  testCases.TC001_AccountRegistration - ***Entering Customer Details...
11:57:13.267 [main] INFO  testCases.TC001_AccountRegistration - ***Validating Confirmation message..
11:57:13.328 [main] INFO  testCases.TC001_AccountRegistration - ***Account has been created***
11:57:13.328 [main] INFO  testCases.TC001_AccountRegistration - *** Completed TC001_AccountRegistration ***
11:57:20.169 [main] INFO  testCases.TC002_LoginTest - ****Starting TC002_LoginTest*****
11:57:22.108 [main] INFO  testCases.TC002_LoginTest - ****Completed TC002_LoginTest*****
17:58:08.826 [main] INFO  testCases.TC001_AccountRegistration - ***Starting TC001_AccountRegistration***
17:58:08.906 [main] INFO  testCases.TC001_AccountRegistration - ***Clicked on MyAccount...
17:58:09.010 [main] INFO  testCases.TC001_AccountRegistration - ***Clicked on Register...
17:58:09.939 [main] INFO  testCases.TC001_AccountRegistration - ***Entering Customer Details...
17:58:11.399 [main] INFO  testCases.TC001_AccountRegistration - ***Validating Confirmation message..
17:58:11.445 [main] INFO  testCases.TC001_AccountRegistration - ***Account has been created***
17:58:11.445 [main] INFO  testCases.TC001_AccountRegistration - *** Completed TC001_AccountRegistration ***
17:58:14.073 [main] INFO  testCases.TC002_LoginTest - ****Starting TC002_LoginTest*****
17:58:15.543 [main] INFO  testCases.TC002_LoginTest - ****Completed TC002_LoginTest*****
18:02:00.025 [main] INFO  testCases.TC002_LoginTest - ****Starting TC002_LoginTest*****
18:02:01.893 [main] INFO  testCases.TC002_LoginTest - ****Completed TC002_LoginTest*****
18:13:13.289 [main] INFO  testCases.TC002_LoginTest - ****Starting TC002_LoginTest*****
18:13:14.956 [main] INFO  testCases.TC002_LoginTest - ****Completed TC002_LoginTest*****
18:20:07.048 [main] INFO  testCases.TC002_LoginTest - ****Starting TC002_LoginTest*****
18:20:08.843 [main] INFO  testCases.TC002_LoginTest - ****Completed TC002_LoginTest*****
18:23:16.551 [main] INFO  testCases.TC002_LoginTest - ****Starting TC002_LoginTest*****
18:23:18.190 [main] INFO  testCases.TC002_LoginTest - ****Completed TC002_LoginTest*****
18:24:13.888 [main] INFO  testCases.TC002_LoginTest - ****Starting TC002_LoginTest*****
18:24:15.499 [main] INFO  testCases.TC002_LoginTest - ****Completed TC002_LoginTest*****
18:25:02.888 [main] INFO  testCases.TC002_LoginTest - ****Starting TC002_LoginTest*****
18:25:05.329 [main] INFO  testCases.TC002_LoginTest - ****Completed TC002_LoginTest*****
18:47:05.781 [main] INFO  testCases.TC002_LoginTest - ****Starting TC002_LoginTest*****
18:47:07.488 [main] INFO  testCases.TC002_LoginTest - ****Completed TC002_LoginTest*****
18:47:37.455 [main] INFO  testCases.TC001_AccountRegistration - ***Starting TC001_AccountRegistration***
18:47:37.500 [main] INFO  testCases.TC001_AccountRegistration - ***Clicked on MyAccount...
18:47:37.612 [main] INFO  testCases.TC001_AccountRegistration - ***Clicked on Register...
18:47:38.227 [main] INFO  testCases.TC001_AccountRegistration - ***Entering Customer Details...
18:47:39.716 [main] INFO  testCases.TC001_AccountRegistration - ***Validating Confirmation message..
18:47:39.752 [main] INFO  testCases.TC001_AccountRegistration - ***Account has been created***
18:47:39.752 [main] INFO  testCases.TC001_AccountRegistration - *** Completed TC001_AccountRegistration ***
18:47:42.318 [main] INFO  testCases.TC002_LoginTest - ****Starting TC002_LoginTest*****
18:47:43.905 [main] INFO  testCases.TC002_LoginTest - ****Completed TC002_LoginTest*****
13:14:14.845 [main] INFO  testCases.TC002_LoginTest - ****Starting TC002_LoginTest*****
13:14:17.479 [main] INFO  testCases.TC002_LoginTest - ****Completed TC002_LoginTest*****
13:17:35.513 [main] INFO  testCases.TC002_LoginTest - ****Starting TC002_LoginTest*****
13:17:37.316 [main] INFO  testCases.TC002_LoginTest - ****Completed TC002_LoginTest*****
12:15:34.974 [main] INFO  testCases.TC002_LoginTest - ****Starting TC002_LoginTest*****
12:21:48.319 [main] INFO  testCases.TC001_AccountRegistration - ***Starting TC001_AccountRegistration***
12:21:48.403 [main] INFO  testCases.TC001_AccountRegistration - ***Clicked on MyAccount...
12:21:48.550 [main] INFO  testCases.TC001_AccountRegistration - ***Clicked on Register...
12:21:49.067 [main] INFO  testCases.TC001_AccountRegistration - ***Entering Customer Details...
12:21:50.513 [main] INFO  testCases.TC001_AccountRegistration - ***Validating Confirmation message..
12:21:50.553 [main] INFO  testCases.TC001_AccountRegistration - ***Account has been created***
12:21:50.554 [main] INFO  testCases.TC001_AccountRegistration - *** Completed TC001_AccountRegistration ***
12:22:41.054 [main] INFO  testCases.TC001_AccountRegistration - ***Starting TC001_AccountRegistration***
12:22:41.087 [main] INFO  testCases.TC001_AccountRegistration - ***Clicked on MyAccount...
12:22:41.216 [main] INFO  testCases.TC001_AccountRegistration - ***Clicked on Register...
12:22:41.729 [main] INFO  testCases.TC001_AccountRegistration - ***Entering Customer Details...
12:22:43.106 [main] INFO  testCases.TC001_AccountRegistration - ***Validating Confirmation message..
12:22:43.143 [main] INFO  testCases.TC001_AccountRegistration - ***Account has been created***
12:22:43.143 [main] INFO  testCases.TC001_AccountRegistration - *** Completed TC001_AccountRegistration ***
12:22:46.180 [main] INFO  testCases.TC002_LoginTest - ****Starting TC002_LoginTest*****
12:22:47.740 [main] INFO  testCases.TC002_LoginTest - ****Completed TC002_LoginTest*****
12:27:57.723 [main] INFO  testCases.TC002_LoginTest - ****Starting TC002_LoginTest*****
12:36:27.947 [main] INFO  testCases.TC002_LoginTest - ****Starting TC002_LoginTest*****
12:36:29.682 [main] INFO  testCases.TC002_LoginTest - ****Completed TC002_LoginTest*****
12:37:45.438 [main] INFO  testCases.TC002_LoginTest - ****Starting TC002_LoginTest*****
12:37:47.038 [main] INFO  testCases.TC002_LoginTest - ****Completed TC002_LoginTest*****
13:13:20.776 [main] INFO  testCases.TC002_LoginTest - ****Starting TC002_LoginTest*****
13:13:24.358 [main] INFO  testCases.TC002_LoginTest - ****Completed TC002_LoginTest*****
13:13:35.569 [main] INFO  testCases.TC002_LoginTest - ****Starting TC002_LoginTest*****
13:13:39.322 [main] INFO  testCases.TC002_LoginTest - ****Completed TC002_LoginTest*****
12:07:08.008 [main] INFO  testCases.TC002_LoginTest - ****Starting TC002_LoginTest*****
12:07:09.997 [main] INFO  testCases.TC002_LoginTest - ****Completed TC002_LoginTest*****
12:07:43.952 [main] INFO  testCases.TC002_LoginTest - ****Starting TC002_LoginTest*****
12:07:46.449 [main] INFO  testCases.TC002_LoginTest - ****Completed TC002_LoginTest*****
12:25:28.582 [main] INFO  testCases.TC002_LoginTest - ****Starting TC002_LoginTest*****
12:25:30.206 [main] INFO  testCases.TC002_LoginTest - ****Completed TC002_LoginTest*****
12:32:31.253 [main] INFO  testCases.TC002_LoginTest - ****Starting TC002_LoginTest*****
12:32:32.946 [main] INFO  testCases.TC002_LoginTest - ****Completed TC002_LoginTest*****
